Using pre-set license
Built from '2020.3/release' branch; Version is '2020.3.12f1 (b3b2c6512326) revision 11776710'; Using compiler version '192528614'; Build Type 'Release'
OS: 'Windows 10 Pro; OS build 19043.1288; Version 2009; 64bit' Language: 'en' Physical Memory: 32198 MB
BatchMode: 1, IsHumanControllingUs: 0, StartBugReporterOnCrash: 0, Is64bit: 1, IsPro: 0

 COMMAND LINE ARGUMENTS:
C:\Program Files\Unity\Hub\Editor\2020.3.12f1\Editor\Unity.exe
-adb2
-batchMode
-noUpm
-name
AssetImportWorker0
-projectPath
C:/Users/JSchmidt/Desktop/Neumont/Quarter 9 Capstone/Capstone/FactorySim/FactorySim/Factory Sim
-logFile
Logs/AssetImportWorker0.log
-srvPort
60631
Successfully changed project path to: C:/Users/JSchmidt/Desktop/Neumont/Quarter 9 Capstone/Capstone/FactorySim/FactorySim/Factory Sim
C:/Users/JSchmidt/Desktop/Neumont/Quarter 9 Capstone/Capstone/FactorySim/FactorySim/Factory Sim
Using Asset Import Pipeline V2.
Refreshing native plugins compatible for Editor in 30.61 ms, found 2 plugins.
Preloading 0 native plugins for Editor in 0.00 ms.
Initialize engine version: 2020.3.12f1 (b3b2c6512326)
[Subsystems] Discovering subsystems at path C:/Program Files/Unity/Hub/Editor/2020.3.12f1/Editor/Data/Resources/UnitySubsystems
[Subsystems] Discovering subsystems at path C:/Users/JSchmidt/Desktop/Neumont/Quarter 9 Capstone/Capstone/FactorySim/FactorySim/Factory Sim/Assets
GfxDevice: creating device client; threaded=0
Direct3D:
    Version:  Direct3D 11.0 [level 11.1]
    Renderer: NVIDIA Quadro T2000 (ID=0x1fb8)
    Vendor:   
    VRAM:     3962 MB
    Driver:   30.0.14.7141
Initialize mono
Mono path[0] = 'C:/Program Files/Unity/Hub/Editor/2020.3.12f1/Editor/Data/Managed'
Mono path[1] = 'C:/Program Files/Unity/Hub/Editor/2020.3.12f1/Editor/Data/MonoBleedingEdge/lib/mono/unityjit'
Mono config path = 'C:/Program Files/Unity/Hub/Editor/2020.3.12f1/Editor/Data/MonoBleedingEdge/etc'
Using monoOptions --debugger-agent=transport=dt_socket,embedding=1,server=y,suspend=n,address=127.0.0.1:56376
Begin MonoManager ReloadAssembly
Registering precompiled unity dll's ...
Register platform support module: C:/Program Files/Unity/Hub/Editor/2020.3.12f1/Editor/Data/PlaybackEngines/WebGLSupport/UnityEditor.WebGL.Extensions.dll
Register platform support module: C:/Program Files/Unity/Hub/Editor/2020.3.12f1/Editor/Data/PlaybackEngines/WindowsStandaloneSupport/UnityEditor.WindowsStandalone.Extensions.dll
Registered in 0.001867 seconds.
Native extension for WindowsStandalone target not found
Native extension for WebGL target not found
Refreshing native plugins compatible for Editor in 28.23 ms, found 2 plugins.
Preloading 0 native plugins for Editor in 0.00 ms.
Mono: successfully reloaded assembly
- Completed reload, in  1.940 seconds
Platform modules already initialized, skipping
Registering precompiled user dll's ...
Registered in 0.003446 seconds.
Begin MonoManager ReloadAssembly
Native extension for WindowsStandalone target not found
Native extension for WebGL target not found
Refreshing native plugins compatible for Editor in 28.46 ms, found 2 plugins.
Preloading 0 native plugins for Editor in 0.00 ms.
Mono: successfully reloaded assembly
- Completed reload, in  0.971 seconds
Platform modules already initialized, skipping
========================================================================
Worker process is ready to serve import requests
Launched and connected shader compiler UnityShaderCompiler.exe after 0.04 seconds
Refreshing native plugins compatible for Editor in 0.38 ms, found 2 plugins.
Preloading 0 native plugins for Editor in 0.00 ms.
Unloading 1729 Unused Serialized files (Serialized files now loaded: 0)
System memory in use before: 79.9 MB.
System memory in use after: 79.9 MB.

Unloading 23 unused Assets to reduce memory usage. Loaded Objects now: 2168.
Total: 1.876400 ms (FindLiveObjects: 0.126100 ms CreateObjectMapping: 0.044800 ms MarkObjects: 1.642100 ms  DeleteObjects: 0.062600 ms)

AssetImportParameters requested are different than current active one (requested -> active):
  custom:framework-win-MediaFoundation: 216162199b28c13a410421893ffa2e32 -> 
  custom:video-decoder-ogg-theora: a1e56fd34408186e4bbccfd4996cb3dc -> 
  custom:container-muxer-webm: aa71ff27fc2769a1b78a27578f13a17b -> 
  custom:container-demuxer-webm: 4f35f7cbe854078d1ac9338744f61a02 -> 
  custom:container-demuxer-ogg: 62fdf1f143b41e24485cea50d1cbac27 -> 
  custom:video-encoder-webm-vp8: eb34c28f22e8b96e1ab97ce403110664 -> 
  custom:video-decoder-webm-vp8: 9c59270c3fd7afecdb556c50c9e8de78 -> 
  custom:audio-decoder-ogg-vorbis: bf7c407c2cedff20999df2af8eb42d56 -> 
  custom:audio-encoder-webm-vorbis: bf7c407c2cedff20999df2af8eb42d56 -> 
========================================================================
Received Import Request.
  path: Assets/Data/ScriptableObjects/Items/Yiikium 1.asset
  artifactKey: Guid(6620a95fa6c954c40bc8a0e3ea02f38f) Importer(815301076,1909f56bfc062723c751e8b465ee728b)
Start importing Assets/Data/ScriptableObjects/Items/Yiikium 1.asset using Guid(6620a95fa6c954c40bc8a0e3ea02f38f) Importer(815301076,1909f56bfc062723c751e8b465ee728b)  -> (artifact id: '3d37bb180cd4419a24267923df1529d2') in 0.026381 seconds 
  Import took 0.028595 seconds .

========================================================================
Received Import Request.
  Time since last request: 3.783025 seconds.
  path: Assets/Data/ScriptableObjects/Items/Flexilis.asset
  artifactKey: Guid(6620a95fa6c954c40bc8a0e3ea02f38f) Importer(815301076,1909f56bfc062723c751e8b465ee728b)
Start importing Assets/Data/ScriptableObjects/Items/Flexilis.asset using Guid(6620a95fa6c954c40bc8a0e3ea02f38f) Importer(815301076,1909f56bfc062723c751e8b465ee728b)  -> (artifact id: '021dca031b304bdeb3a49202c7da2fbb') in 0.008668 seconds 
  Import took 0.011610 seconds .

========================================================================
Received Import Request.
  Time since last request: 2401.686333 seconds.
  path: Assets/External/Sprites/RecoloredStones
  artifactKey: Guid(b42f5602bb4660b4dbbd4b42f8168de9) Importer(815301076,1909f56bfc062723c751e8b465ee728b)
Start importing Assets/External/Sprites/RecoloredStones using Guid(b42f5602bb4660b4dbbd4b42f8168de9) Importer(815301076,1909f56bfc062723c751e8b465ee728b)  -> (artifact id: 'bddcdd21f7f1cb8e72e888b6152a3af4') in 0.010080 seconds 
  Import took 0.012951 seconds .

========================================================================
Received Import Request.
  Time since last request: 12.286102 seconds.
  path: Assets/External/Sprites/RecoloredStones/BrightPurple.png
  artifactKey: Guid(cec7dc22d2000f04f97c3d06225883ca) Importer(815301076,1909f56bfc062723c751e8b465ee728b)
Start importing Assets/External/Sprites/RecoloredStones/BrightPurple.png using Guid(cec7dc22d2000f04f97c3d06225883ca) Importer(815301076,1909f56bfc062723c751e8b465ee728b)  -> (artifact id: 'a1c1035cd3f702063eee41086a93e0d2') in 0.044151 seconds 
  Import took 0.046477 seconds .

========================================================================
Received Import Request.
  Time since last request: 0.012611 seconds.
  path: Assets/External/Sprites/RecoloredStones/BrightPurple.png
  artifactKey: Guid(cec7dc22d2000f04f97c3d06225883ca) Importer(815301076,1909f56bfc062723c751e8b465ee728b)
Start importing Assets/External/Sprites/RecoloredStones/BrightPurple.png using Guid(cec7dc22d2000f04f97c3d06225883ca) Importer(815301076,1909f56bfc062723c751e8b465ee728b)  -> (artifact id: 'a1c1035cd3f702063eee41086a93e0d2') in 0.014267 seconds 
  Import took 0.016862 seconds .

========================================================================
Received Import Request.
  Time since last request: 0.702115 seconds.
  path: Assets/External/Sprites/RecoloredStones/Grey.png
  artifactKey: Guid(89be9bb8131c026479ad0091383eef89) Importer(815301076,1909f56bfc062723c751e8b465ee728b)
Start importing Assets/External/Sprites/RecoloredStones/Grey.png using Guid(89be9bb8131c026479ad0091383eef89) Importer(815301076,1909f56bfc062723c751e8b465ee728b)  -> (artifact id: 'b217bc49b76b93eed90b09001663bc2e') in 0.015640 seconds 
  Import took 0.018097 seconds .

========================================================================
Received Import Request.
  Time since last request: 5.448617 seconds.
  path: Assets/External/Sprites/RecoloredStones/Grey.png
  artifactKey: Guid(89be9bb8131c026479ad0091383eef89) Importer(815301076,1909f56bfc062723c751e8b465ee728b)
Start importing Assets/External/Sprites/RecoloredStones/Grey.png using Guid(89be9bb8131c026479ad0091383eef89) Importer(815301076,1909f56bfc062723c751e8b465ee728b)  -> (artifact id: '486c54120fcb4a7b760027d8be6566f6') in 0.063529 seconds 
  Import took 0.066008 seconds .

========================================================================
Received Import Request.
  Time since last request: 8.601861 seconds.
  path: Assets/External/Sprites/RecoloredStones/BrightPurple.png
  artifactKey: Guid(cec7dc22d2000f04f97c3d06225883ca) Importer(815301076,1909f56bfc062723c751e8b465ee728b)
Start importing Assets/External/Sprites/RecoloredStones/BrightPurple.png using Guid(cec7dc22d2000f04f97c3d06225883ca) Importer(815301076,1909f56bfc062723c751e8b465ee728b)  -> (artifact id: '025f1b37c6f6fd619456051c34a8482c') in 0.016443 seconds 
  Import took 0.019787 seconds .

========================================================================
Received Import Request.
  Time since last request: 0.000283 seconds.
  path: Assets/External/Sprites/RecoloredStones/BrightRed.png
  artifactKey: Guid(3233fc46fda191641a6bf47f67c1ab75) Importer(815301076,1909f56bfc062723c751e8b465ee728b)
Start importing Assets/External/Sprites/RecoloredStones/BrightRed.png using Guid(3233fc46fda191641a6bf47f67c1ab75) Importer(815301076,1909f56bfc062723c751e8b465ee728b)  -> (artifact id: '35827bcfd9e5a8ef5608759789f46113') in 0.015765 seconds 
  Import took 0.018403 seconds .

========================================================================
Received Import Request.
  Time since last request: 18.679667 seconds.
  path: Assets/External/Sprites/RecoloredStones/PinkRed.png
  artifactKey: Guid(990878d4ab6cf9644a2ea99ca03399bc) Importer(815301076,1909f56bfc062723c751e8b465ee728b)
Start importing Assets/External/Sprites/RecoloredStones/PinkRed.png using Guid(990878d4ab6cf9644a2ea99ca03399bc) Importer(815301076,1909f56bfc062723c751e8b465ee728b)  -> (artifact id: 'b3c77a1538a1385d2434b790d2f3d665') in 0.021389 seconds 
  Import took 0.024176 seconds .

========================================================================
Received Import Request.
  Time since last request: 1005.510724 seconds.
  path: Assets/External/Sprites/RecoloredStones/White 1.png
  artifactKey: Guid(4774af0ce83676c4393dd949751782d0) Importer(815301076,1909f56bfc062723c751e8b465ee728b)
Start importing Assets/External/Sprites/RecoloredStones/White 1.png using Guid(4774af0ce83676c4393dd949751782d0) Importer(815301076,1909f56bfc062723c751e8b465ee728b)  -> (artifact id: '67ce05f3dfa6602815aeef1a2f251584') in 0.015070 seconds 
  Import took 0.018276 seconds .

========================================================================
Received Import Request.
  Time since last request: 0.002651 seconds.
  path: Assets/External/Sprites/RecoloredStones/White 1.png
  artifactKey: Guid(4774af0ce83676c4393dd949751782d0) Importer(815301076,1909f56bfc062723c751e8b465ee728b)
Start importing Assets/External/Sprites/RecoloredStones/White 1.png using Guid(4774af0ce83676c4393dd949751782d0) Importer(815301076,1909f56bfc062723c751e8b465ee728b)  -> (artifact id: '67ce05f3dfa6602815aeef1a2f251584') in 0.014710 seconds 
  Import took 0.017233 seconds .

========================================================================
Received Import Request.
  Time since last request: 1.478279 seconds.
  path: Assets/External/Sprites/RecoloredStones/ShinyBlue 1.png
  artifactKey: Guid(da2687edd9212c04db1998acc22e90b8) Importer(815301076,1909f56bfc062723c751e8b465ee728b)
Start importing Assets/External/Sprites/RecoloredStones/ShinyBlue 1.png using Guid(da2687edd9212c04db1998acc22e90b8) Importer(815301076,1909f56bfc062723c751e8b465ee728b)  -> (artifact id: '0746f3c9c6ad1c83356784b9512e9970') in 0.013218 seconds 
  Import took 0.017051 seconds .

========================================================================
Received Import Request.
  Time since last request: 1.936758 seconds.
  path: Assets/External/Sprites/RecoloredStones/BrightBlue 1.png
  artifactKey: Guid(7865beb36211c7244a30f438c2aa6c64) Importer(815301076,1909f56bfc062723c751e8b465ee728b)
Start importing Assets/External/Sprites/RecoloredStones/BrightBlue 1.png using Guid(7865beb36211c7244a30f438c2aa6c64) Importer(815301076,1909f56bfc062723c751e8b465ee728b)  -> (artifact id: '2ee92ddeff8edc86052348a1171d4217') in 0.014927 seconds 
  Import took 0.017283 seconds .

========================================================================
Received Import Request.
  Time since last request: 0.528864 seconds.
  path: Assets/External/Sprites/RecoloredStones/BlueBlack 1.png
  artifactKey: Guid(b5b7e066236687141a50d4222d98e49c) Importer(815301076,1909f56bfc062723c751e8b465ee728b)
Start importing Assets/External/Sprites/RecoloredStones/BlueBlack 1.png using Guid(b5b7e066236687141a50d4222d98e49c) Importer(815301076,1909f56bfc062723c751e8b465ee728b)  -> (artifact id: 'c1c9c6890c03f66fcd4a2ca52e9b5d34') in 0.017348 seconds 
  Import took 0.020268 seconds .

========================================================================
Received Import Request.
  Time since last request: 4.142886 seconds.
  path: Assets/External/Sprites/RecoloredStones/BlueBlack.png
  artifactKey: Guid(4ac7e46bb27b75746966af2f1784f36c) Importer(815301076,1909f56bfc062723c751e8b465ee728b)
Start importing Assets/External/Sprites/RecoloredStones/BlueBlack.png using Guid(4ac7e46bb27b75746966af2f1784f36c) Importer(815301076,1909f56bfc062723c751e8b465ee728b)  -> (artifact id: '25ca40236514c9e6d35693f9e1195bf2') in 0.014438 seconds 
  Import took 0.018194 seconds .

========================================================================
Received Import Request.
  Time since last request: 12.250299 seconds.
  path: Assets/External/Sprites/RecoloredStones/BlueBlack.png
  artifactKey: Guid(4ac7e46bb27b75746966af2f1784f36c) Importer(815301076,1909f56bfc062723c751e8b465ee728b)
Start importing Assets/External/Sprites/RecoloredStones/BlueBlack.png using Guid(4ac7e46bb27b75746966af2f1784f36c) Importer(815301076,1909f56bfc062723c751e8b465ee728b)  -> (artifact id: '3a2d414d144e3df94ae200644f30997d') in 0.017179 seconds 
  Import took 0.020804 seconds .

========================================================================
Received Import Request.
  Time since last request: 18.973802 seconds.
  path: Assets/External/Sprites/RecoloredStones/BrightBlue.png
  artifactKey: Guid(693091afdb85b8f468cb4a5f5c926ee7) Importer(815301076,1909f56bfc062723c751e8b465ee728b)
Start importing Assets/External/Sprites/RecoloredStones/BrightBlue.png using Guid(693091afdb85b8f468cb4a5f5c926ee7) Importer(815301076,1909f56bfc062723c751e8b465ee728b)  -> (artifact id: '14171657d9bc30215c3e5acb411d9ff3') in 0.017356 seconds 
  Import took 0.020062 seconds .

========================================================================
Received Import Request.
  Time since last request: 0.409084 seconds.
  path: Assets/External/Sprites/RecoloredStones/Brown.png
  artifactKey: Guid(c818183fbd88ae443a1f868b4d16af71) Importer(815301076,1909f56bfc062723c751e8b465ee728b)
Start importing Assets/External/Sprites/RecoloredStones/Brown.png using Guid(c818183fbd88ae443a1f868b4d16af71) Importer(815301076,1909f56bfc062723c751e8b465ee728b)  -> (artifact id: '3963b0840941645b6c90e902aca7ac94') in 0.019307 seconds 
  Import took 0.022836 seconds .

========================================================================
Received Prepare
Registering precompiled user dll's ...
Registered in 0.124975 seconds.
Begin MonoManager ReloadAssembly
Native extension for WindowsStandalone target not found
Native extension for WebGL target not found
Refreshing native plugins compatible for Editor in 0.39 ms, found 2 plugins.
Preloading 0 native plugins for Editor in 0.00 ms.
Mono: successfully reloaded assembly
- Completed reload, in  1.138 seconds
Platform modules already initialized, skipping
Refreshing native plugins compatible for Editor in 0.40 ms, found 2 plugins.
Preloading 0 native plugins for Editor in 0.00 ms.
Unloading 1711 Unused Serialized files (Serialized files now loaded: 0)
System memory in use before: 81.8 MB.
System memory in use after: 81.8 MB.

Unloading 16 unused Assets to reduce memory usage. Loaded Objects now: 2177.
Total: 2.698000 ms (FindLiveObjects: 0.229800 ms CreateObjectMapping: 0.084400 ms MarkObjects: 2.309900 ms  DeleteObjects: 0.072800 ms)

AssetImportParameters requested are different than current active one (requested -> active):
  custom:framework-win-MediaFoundation: 216162199b28c13a410421893ffa2e32 -> 
  custom:video-decoder-ogg-theora: a1e56fd34408186e4bbccfd4996cb3dc -> 
  custom:container-muxer-webm: aa71ff27fc2769a1b78a27578f13a17b -> 
  custom:container-demuxer-webm: 4f35f7cbe854078d1ac9338744f61a02 -> 
  custom:container-demuxer-ogg: 62fdf1f143b41e24485cea50d1cbac27 -> 
  custom:video-encoder-webm-vp8: eb34c28f22e8b96e1ab97ce403110664 -> 
  custom:video-decoder-webm-vp8: 9c59270c3fd7afecdb556c50c9e8de78 -> 
  custom:audio-decoder-ogg-vorbis: bf7c407c2cedff20999df2af8eb42d56 -> 
  custom:audio-encoder-webm-vorbis: bf7c407c2cedff20999df2af8eb42d56 -> 
========================================================================
Received Prepare
Registering precompiled user dll's ...
Registered in 0.004609 seconds.
Begin MonoManager ReloadAssembly
Native extension for WindowsStandalone target not found
Native extension for WebGL target not found
Refreshing native plugins compatible for Editor in 0.39 ms, found 2 plugins.
Preloading 0 native plugins for Editor in 0.00 ms.
Mono: successfully reloaded assembly
- Completed reload, in  1.030 seconds
Platform modules already initialized, skipping
Refreshing native plugins compatible for Editor in 0.40 ms, found 2 plugins.
Preloading 0 native plugins for Editor in 0.00 ms.
Unloading 1711 Unused Serialized files (Serialized files now loaded: 0)
System memory in use before: 81.8 MB.
System memory in use after: 81.9 MB.

Unloading 16 unused Assets to reduce memory usage. Loaded Objects now: 2180.
Total: 1.794200 ms (FindLiveObjects: 0.124600 ms CreateObjectMapping: 0.043600 ms MarkObjects: 1.580100 ms  DeleteObjects: 0.045000 ms)

AssetImportParameters requested are different than current active one (requested -> active):
  custom:framework-win-MediaFoundation: 216162199b28c13a410421893ffa2e32 -> 
  custom:video-decoder-ogg-theora: a1e56fd34408186e4bbccfd4996cb3dc -> 
  custom:container-muxer-webm: aa71ff27fc2769a1b78a27578f13a17b -> 
  custom:container-demuxer-webm: 4f35f7cbe854078d1ac9338744f61a02 -> 
  custom:container-demuxer-ogg: 62fdf1f143b41e24485cea50d1cbac27 -> 
  custom:video-encoder-webm-vp8: eb34c28f22e8b96e1ab97ce403110664 -> 
  custom:video-decoder-webm-vp8: 9c59270c3fd7afecdb556c50c9e8de78 -> 
  custom:audio-decoder-ogg-vorbis: bf7c407c2cedff20999df2af8eb42d56 -> 
  custom:audio-encoder-webm-vorbis: bf7c407c2cedff20999df2af8eb42d56 -> 
========================================================================
Received Import Request.
  Time since last request: 2008.723267 seconds.
  path: Assets/External/Sprites/RecoloredStones/ShinyBlue.png
  artifactKey: Guid(cf1fe4da73838dd4f9a2d594e87b83fd) Importer(815301076,1909f56bfc062723c751e8b465ee728b)
Start importing Assets/External/Sprites/RecoloredStones/ShinyBlue.png using Guid(cf1fe4da73838dd4f9a2d594e87b83fd) Importer(815301076,1909f56bfc062723c751e8b465ee728b)  -> (artifact id: '655f02bbc18d7376851a986360015062') in 0.057287 seconds 
  Import took 0.060975 seconds .

AssetImportWorkerClient::OnTransportError - code=2 error=End of file
